Determining if the Q_WS_WIN exist failed with the following output:
Change Dir: /home/salabeta/BN/robotica2018/practica2/CMakeFiles/CMakeTmp

Run Build Command:"/usr/bin/make" "cmTC_6af3f/fast"
/usr/bin/make -f CMakeFiles/cmTC_6af3f.dir/build.make CMakeFiles/cmTC_6af3f.dir/build
make[1]: se entra en el directorio '/home/salabeta/BN/robotica2018/practica2/CMakeFiles/CMakeTmp'
Building CXX object CMakeFiles/cmTC_6af3f.dir/CheckSymbolExists.cxx.o
/usr/bin/c++   -I/usr/include/qt4   -o CMakeFiles/cmTC_6af3f.dir/CheckSymbolExists.cxx.o -c /home/salabeta/BN/robotica2018/practica2/CMakeFiles/CMakeTmp/CheckSymbolExists.cxx
/home/salabeta/BN/robotica2018/practica2/CMakeFiles/CMakeTmp/CheckSymbolExists.cxx: In function ‘int main(int, char**)’:
/home/salabeta/BN/robotica2018/practica2/CMakeFiles/CMakeTmp/CheckSymbolExists.cxx:8:19: error: ‘Q_WS_WIN’ was not declared in this scope
   return ((int*)(&Q_WS_WIN))[argc];
                   ^~~~~~~~
/home/salabeta/BN/robotica2018/practica2/CMakeFiles/CMakeTmp/CheckSymbolExists.cxx:8:19: note: suggested alternative: ‘Q_WS_X11’
   return ((int*)(&Q_WS_WIN))[argc];
                   ^~~~~~~~
                   Q_WS_X11
CMakeFiles/cmTC_6af3f.dir/build.make:65: recipe for target 'CMakeFiles/cmTC_6af3f.dir/CheckSymbolExists.cxx.o' failed
make[1]: *** [CMakeFiles/cmTC_6af3f.dir/CheckSymbolExists.cxx.o] Error 1
make[1]: se sale del directorio '/home/salabeta/BN/robotica2018/practica2/CMakeFiles/CMakeTmp'
Makefile:126: recipe for target 'cmTC_6af3f/fast' failed
make: *** [cmTC_6af3f/fast] Error 2

File /home/salabeta/BN/robotica2018/practica2/CMakeFiles/CMakeTmp/CheckSymbolExists.cxx:
/* */
#include <QtCore/qglobal.h>

int main(int argc, char** argv)
{
  (void)argv;
#ifndef Q_WS_WIN
  return ((int*)(&Q_WS_WIN))[argc];
#else
  (void)argc;
  return 0;
#endif
}

Determining if the Q_WS_QWS exist failed with the following output:
Change Dir: /home/salabeta/BN/robotica2018/practica2/CMakeFiles/CMakeTmp

Run Build Command:"/usr/bin/make" "cmTC_40c39/fast"
/usr/bin/make -f CMakeFiles/cmTC_40c39.dir/build.make CMakeFiles/cmTC_40c39.dir/build
make[1]: se entra en el directorio '/home/salabeta/BN/robotica2018/practica2/CMakeFiles/CMakeTmp'
Building CXX object CMakeFiles/cmTC_40c39.dir/CheckSymbolExists.cxx.o
/usr/bin/c++   -I/usr/include/qt4   -o CMakeFiles/cmTC_40c39.dir/CheckSymbolExists.cxx.o -c /home/salabeta/BN/robotica2018/practica2/CMakeFiles/CMakeTmp/CheckSymbolExists.cxx
/home/salabeta/BN/robotica2018/practica2/CMakeFiles/CMakeTmp/CheckSymbolExists.cxx: In function ‘int main(int, char**)’:
/home/salabeta/BN/robotica2018/practica2/CMakeFiles/CMakeTmp/CheckSymbolExists.cxx:8:19: error: ‘Q_WS_QWS’ was not declared in this scope
   return ((int*)(&Q_WS_QWS))[argc];
                   ^~~~~~~~
/home/salabeta/BN/robotica2018/practica2/CMakeFiles/CMakeTmp/CheckSymbolExists.cxx:8:19: note: suggested alternative: ‘Q_WS_X11’
   return ((int*)(&Q_WS_QWS))[argc];
                   ^~~~~~~~
                   Q_WS_X11
CMakeFiles/cmTC_40c39.dir/build.make:65: recipe for target 'CMakeFiles/cmTC_40c39.dir/CheckSymbolExists.cxx.o' failed
make[1]: *** [CMakeFiles/cmTC_40c39.dir/CheckSymbolExists.cxx.o] Error 1
make[1]: se sale del directorio '/home/salabeta/BN/robotica2018/practica2/CMakeFiles/CMakeTmp'
Makefile:126: recipe for target 'cmTC_40c39/fast' failed
make: *** [cmTC_40c39/fast] Error 2

File /home/salabeta/BN/robotica2018/practica2/CMakeFiles/CMakeTmp/CheckSymbolExists.cxx:
/* */
#include <QtCore/qglobal.h>

int main(int argc, char** argv)
{
  (void)argv;
#ifndef Q_WS_QWS
  return ((int*)(&Q_WS_QWS))[argc];
#else
  (void)argc;
  return 0;
#endif
}

Determining if the Q_WS_MAC exist failed with the following output:
Change Dir: /home/salabeta/BN/robotica2018/practica2/CMakeFiles/CMakeTmp

Run Build Command:"/usr/bin/make" "cmTC_842b2/fast"
/usr/bin/make -f CMakeFiles/cmTC_842b2.dir/build.make CMakeFiles/cmTC_842b2.dir/build
make[1]: se entra en el directorio '/home/salabeta/BN/robotica2018/practica2/CMakeFiles/CMakeTmp'
Building CXX object CMakeFiles/cmTC_842b2.dir/CheckSymbolExists.cxx.o
/usr/bin/c++   -I/usr/include/qt4   -o CMakeFiles/cmTC_842b2.dir/CheckSymbolExists.cxx.o -c /home/salabeta/BN/robotica2018/practica2/CMakeFiles/CMakeTmp/CheckSymbolExists.cxx
/home/salabeta/BN/robotica2018/practica2/CMakeFiles/CMakeTmp/CheckSymbolExists.cxx: In function ‘int main(int, char**)’:
/home/salabeta/BN/robotica2018/practica2/CMakeFiles/CMakeTmp/CheckSymbolExists.cxx:8:19: error: ‘Q_WS_MAC’ was not declared in this scope
   return ((int*)(&Q_WS_MAC))[argc];
                   ^~~~~~~~
/home/salabeta/BN/robotica2018/practica2/CMakeFiles/CMakeTmp/CheckSymbolExists.cxx:8:19: note: suggested alternative: ‘Q_WS_X11’
   return ((int*)(&Q_WS_MAC))[argc];
                   ^~~~~~~~
                   Q_WS_X11
CMakeFiles/cmTC_842b2.dir/build.make:65: recipe for target 'CMakeFiles/cmTC_842b2.dir/CheckSymbolExists.cxx.o' failed
make[1]: *** [CMakeFiles/cmTC_842b2.dir/CheckSymbolExists.cxx.o] Error 1
make[1]: se sale del directorio '/home/salabeta/BN/robotica2018/practica2/CMakeFiles/CMakeTmp'
Makefile:126: recipe for target 'cmTC_842b2/fast' failed
make: *** [cmTC_842b2/fast] Error 2

File /home/salabeta/BN/robotica2018/practica2/CMakeFiles/CMakeTmp/CheckSymbolExists.cxx:
/* */
#include <QtCore/qglobal.h>

int main(int argc, char** argv)
{
  (void)argv;
#ifndef Q_WS_MAC
  return ((int*)(&Q_WS_MAC))[argc];
#else
  (void)argc;
  return 0;
#endif
}

Determining if the pthread_create exist failed with the following output:
Change Dir: /home/salabeta/BN/robotica2018/practica2/CMakeFiles/CMakeTmp

Run Build Command:"/usr/bin/make" "cmTC_1dbc0/fast"
/usr/bin/make -f CMakeFiles/cmTC_1dbc0.dir/build.make CMakeFiles/cmTC_1dbc0.dir/build
make[1]: se entra en el directorio '/home/salabeta/BN/robotica2018/practica2/CMakeFiles/CMakeTmp'
Building C object CMakeFiles/cmTC_1dbc0.dir/CheckSymbolExists.c.o
/usr/bin/cc    -o CMakeFiles/cmTC_1dbc0.dir/CheckSymbolExists.c.o   -c /home/salabeta/BN/robotica2018/practica2/CMakeFiles/CMakeTmp/CheckSymbolExists.c
Linking C executable cmTC_1dbc0
/usr/bin/cmake -E cmake_link_script CMakeFiles/cmTC_1dbc0.dir/link.txt --verbose=1
/usr/bin/cc      -rdynamic CMakeFiles/cmTC_1dbc0.dir/CheckSymbolExists.c.o  -o cmTC_1dbc0 
CMakeFiles/cmTC_1dbc0.dir/CheckSymbolExists.c.o: En la función `main':
CheckSymbolExists.c:(.text+0x1b): referencia a `pthread_create' sin definir
collect2: error: ld returned 1 exit status
CMakeFiles/cmTC_1dbc0.dir/build.make:97: recipe for target 'cmTC_1dbc0' failed
make[1]: *** [cmTC_1dbc0] Error 1
make[1]: se sale del directorio '/home/salabeta/BN/robotica2018/practica2/CMakeFiles/CMakeTmp'
Makefile:126: recipe for target 'cmTC_1dbc0/fast' failed
make: *** [cmTC_1dbc0/fast] Error 2

File /home/salabeta/BN/robotica2018/practica2/CMakeFiles/CMakeTmp/CheckSymbolExists.c:
/* */
#include <pthread.h>

int main(int argc, char** argv)
{
  (void)argv;
#ifndef pthread_create
  return ((int*)(&pthread_create))[argc];
#else
  (void)argc;
  return 0;
#endif
}

Determining if the function pthread_create exists in the pthreads failed with the following output:
Change Dir: /home/salabeta/BN/robotica2018/practica2/CMakeFiles/CMakeTmp

Run Build Command:"/usr/bin/make" "cmTC_7401c/fast"
/usr/bin/make -f CMakeFiles/cmTC_7401c.dir/build.make CMakeFiles/cmTC_7401c.dir/build
make[1]: se entra en el directorio '/home/salabeta/BN/robotica2018/practica2/CMakeFiles/CMakeTmp'
Building C object CMakeFiles/cmTC_7401c.dir/CheckFunctionExists.c.o
/usr/bin/cc   -DCHECK_FUNCTION_EXISTS=pthread_create   -o CMakeFiles/cmTC_7401c.dir/CheckFunctionExists.c.o   -c /usr/share/cmake-3.10/Modules/CheckFunctionExists.c
Linking C executable cmTC_7401c
/usr/bin/cmake -E cmake_link_script CMakeFiles/cmTC_7401c.dir/link.txt --verbose=1
/usr/bin/cc  -DCHECK_FUNCTION_EXISTS=pthread_create    -rdynamic CMakeFiles/cmTC_7401c.dir/CheckFunctionExists.c.o  -o cmTC_7401c -lpthreads 
/usr/bin/x86_64-linux-gnu-ld: no se puede encontrar -lpthreads
collect2: error: ld returned 1 exit status
CMakeFiles/cmTC_7401c.dir/build.make:97: recipe for target 'cmTC_7401c' failed
make[1]: *** [cmTC_7401c] Error 1
make[1]: se sale del directorio '/home/salabeta/BN/robotica2018/practica2/CMakeFiles/CMakeTmp'
Makefile:126: recipe for target 'cmTC_7401c/fast' failed
make: *** [cmTC_7401c/fast] Error 2


Determining if the Q_WS_WIN exist failed with the following output:
Change Dir: /home/blazeneko/robotica2018/practica2/CMakeFiles/CMakeTmp

Run Build Command:"/usr/bin/make" "cmTC_d4afd/fast"
/usr/bin/make -f CMakeFiles/cmTC_d4afd.dir/build.make CMakeFiles/cmTC_d4afd.dir/build
make[1]: Entering directory '/home/blazeneko/robotica2018/practica2/CMakeFiles/CMakeTmp'
Building CXX object CMakeFiles/cmTC_d4afd.dir/CheckSymbolExists.cxx.o
/usr/bin/c++   -I/usr/include/qt4   -o CMakeFiles/cmTC_d4afd.dir/CheckSymbolExists.cxx.o -c /home/blazeneko/robotica2018/practica2/CMakeFiles/CMakeTmp/CheckSymbolExists.cxx
/home/blazeneko/robotica2018/practica2/CMakeFiles/CMakeTmp/CheckSymbolExists.cxx: In function ‘int main(int, char**)’:
/home/blazeneko/robotica2018/practica2/CMakeFiles/CMakeTmp/CheckSymbolExists.cxx:8:19: error: ‘Q_WS_WIN’ was not declared in this scope
   return ((int*)(&Q_WS_WIN))[argc];
                   ^~~~~~~~
/home/blazeneko/robotica2018/practica2/CMakeFiles/CMakeTmp/CheckSymbolExists.cxx:8:19: note: suggested alternative: ‘Q_WS_X11’
   return ((int*)(&Q_WS_WIN))[argc];
                   ^~~~~~~~
                   Q_WS_X11
CMakeFiles/cmTC_d4afd.dir/build.make:65: recipe for target 'CMakeFiles/cmTC_d4afd.dir/CheckSymbolExists.cxx.o' failed
make[1]: *** [CMakeFiles/cmTC_d4afd.dir/CheckSymbolExists.cxx.o] Error 1
make[1]: Leaving directory '/home/blazeneko/robotica2018/practica2/CMakeFiles/CMakeTmp'
Makefile:126: recipe for target 'cmTC_d4afd/fast' failed
make: *** [cmTC_d4afd/fast] Error 2

File /home/blazeneko/robotica2018/practica2/CMakeFiles/CMakeTmp/CheckSymbolExists.cxx:
/* */
#include <QtCore/qglobal.h>

int main(int argc, char** argv)
{
  (void)argv;
#ifndef Q_WS_WIN
  return ((int*)(&Q_WS_WIN))[argc];
#else
  (void)argc;
  return 0;
#endif
}

Determining if the Q_WS_QWS exist failed with the following output:
Change Dir: /home/blazeneko/robotica2018/practica2/CMakeFiles/CMakeTmp

Run Build Command:"/usr/bin/make" "cmTC_a7012/fast"
/usr/bin/make -f CMakeFiles/cmTC_a7012.dir/build.make CMakeFiles/cmTC_a7012.dir/build
make[1]: Entering directory '/home/blazeneko/robotica2018/practica2/CMakeFiles/CMakeTmp'
Building CXX object CMakeFiles/cmTC_a7012.dir/CheckSymbolExists.cxx.o
/usr/bin/c++   -I/usr/include/qt4   -o CMakeFiles/cmTC_a7012.dir/CheckSymbolExists.cxx.o -c /home/blazeneko/robotica2018/practica2/CMakeFiles/CMakeTmp/CheckSymbolExists.cxx
/home/blazeneko/robotica2018/practica2/CMakeFiles/CMakeTmp/CheckSymbolExists.cxx: In function ‘int main(int, char**)’:
/home/blazeneko/robotica2018/practica2/CMakeFiles/CMakeTmp/CheckSymbolExists.cxx:8:19: error: ‘Q_WS_QWS’ was not declared in this scope
   return ((int*)(&Q_WS_QWS))[argc];
                   ^~~~~~~~
/home/blazeneko/robotica2018/practica2/CMakeFiles/CMakeTmp/CheckSymbolExists.cxx:8:19: note: suggested alternative: ‘Q_WS_X11’
   return ((int*)(&Q_WS_QWS))[argc];
                   ^~~~~~~~
                   Q_WS_X11
CMakeFiles/cmTC_a7012.dir/build.make:65: recipe for target 'CMakeFiles/cmTC_a7012.dir/CheckSymbolExists.cxx.o' failed
make[1]: *** [CMakeFiles/cmTC_a7012.dir/CheckSymbolExists.cxx.o] Error 1
make[1]: Leaving directory '/home/blazeneko/robotica2018/practica2/CMakeFiles/CMakeTmp'
Makefile:126: recipe for target 'cmTC_a7012/fast' failed
make: *** [cmTC_a7012/fast] Error 2

File /home/blazeneko/robotica2018/practica2/CMakeFiles/CMakeTmp/CheckSymbolExists.cxx:
/* */
#include <QtCore/qglobal.h>

int main(int argc, char** argv)
{
  (void)argv;
#ifndef Q_WS_QWS
  return ((int*)(&Q_WS_QWS))[argc];
#else
  (void)argc;
  return 0;
#endif
}

Determining if the Q_WS_MAC exist failed with the following output:
Change Dir: /home/blazeneko/robotica2018/practica2/CMakeFiles/CMakeTmp

Run Build Command:"/usr/bin/make" "cmTC_3ff27/fast"
/usr/bin/make -f CMakeFiles/cmTC_3ff27.dir/build.make CMakeFiles/cmTC_3ff27.dir/build
make[1]: Entering directory '/home/blazeneko/robotica2018/practica2/CMakeFiles/CMakeTmp'
Building CXX object CMakeFiles/cmTC_3ff27.dir/CheckSymbolExists.cxx.o
/usr/bin/c++   -I/usr/include/qt4   -o CMakeFiles/cmTC_3ff27.dir/CheckSymbolExists.cxx.o -c /home/blazeneko/robotica2018/practica2/CMakeFiles/CMakeTmp/CheckSymbolExists.cxx
/home/blazeneko/robotica2018/practica2/CMakeFiles/CMakeTmp/CheckSymbolExists.cxx: In function ‘int main(int, char**)’:
/home/blazeneko/robotica2018/practica2/CMakeFiles/CMakeTmp/CheckSymbolExists.cxx:8:19: error: ‘Q_WS_MAC’ was not declared in this scope
   return ((int*)(&Q_WS_MAC))[argc];
                   ^~~~~~~~
/home/blazeneko/robotica2018/practica2/CMakeFiles/CMakeTmp/CheckSymbolExists.cxx:8:19: note: suggested alternative: ‘Q_WS_X11’
   return ((int*)(&Q_WS_MAC))[argc];
                   ^~~~~~~~
                   Q_WS_X11
CMakeFiles/cmTC_3ff27.dir/build.make:65: recipe for target 'CMakeFiles/cmTC_3ff27.dir/CheckSymbolExists.cxx.o' failed
make[1]: *** [CMakeFiles/cmTC_3ff27.dir/CheckSymbolExists.cxx.o] Error 1
make[1]: Leaving directory '/home/blazeneko/robotica2018/practica2/CMakeFiles/CMakeTmp'
Makefile:126: recipe for target 'cmTC_3ff27/fast' failed
make: *** [cmTC_3ff27/fast] Error 2

File /home/blazeneko/robotica2018/practica2/CMakeFiles/CMakeTmp/CheckSymbolExists.cxx:
/* */
#include <QtCore/qglobal.h>

int main(int argc, char** argv)
{
  (void)argv;
#ifndef Q_WS_MAC
  return ((int*)(&Q_WS_MAC))[argc];
#else
  (void)argc;
  return 0;
#endif
}

Determining if the pthread_create exist failed with the following output:
Change Dir: /home/blazeneko/robotica2018/practica2/CMakeFiles/CMakeTmp

Run Build Command:"/usr/bin/make" "cmTC_72f80/fast"
/usr/bin/make -f CMakeFiles/cmTC_72f80.dir/build.make CMakeFiles/cmTC_72f80.dir/build
make[1]: Entering directory '/home/blazeneko/robotica2018/practica2/CMakeFiles/CMakeTmp'
Building C object CMakeFiles/cmTC_72f80.dir/CheckSymbolExists.c.o
/usr/bin/cc    -o CMakeFiles/cmTC_72f80.dir/CheckSymbolExists.c.o   -c /home/blazeneko/robotica2018/practica2/CMakeFiles/CMakeTmp/CheckSymbolExists.c
Linking C executable cmTC_72f80
/usr/bin/cmake -E cmake_link_script CMakeFiles/cmTC_72f80.dir/link.txt --verbose=1
/usr/bin/cc      -rdynamic CMakeFiles/cmTC_72f80.dir/CheckSymbolExists.c.o  -o cmTC_72f80 
CMakeFiles/cmTC_72f80.dir/CheckSymbolExists.c.o: In function `main':
CheckSymbolExists.c:(.text+0x1b): undefined reference to `pthread_create'
collect2: error: ld returned 1 exit status
CMakeFiles/cmTC_72f80.dir/build.make:97: recipe for target 'cmTC_72f80' failed
make[1]: *** [cmTC_72f80] Error 1
make[1]: Leaving directory '/home/blazeneko/robotica2018/practica2/CMakeFiles/CMakeTmp'
Makefile:126: recipe for target 'cmTC_72f80/fast' failed
make: *** [cmTC_72f80/fast] Error 2

File /home/blazeneko/robotica2018/practica2/CMakeFiles/CMakeTmp/CheckSymbolExists.c:
/* */
#include <pthread.h>

int main(int argc, char** argv)
{
  (void)argv;
#ifndef pthread_create
  return ((int*)(&pthread_create))[argc];
#else
  (void)argc;
  return 0;
#endif
}

Determining if the function pthread_create exists in the pthreads failed with the following output:
Change Dir: /home/blazeneko/robotica2018/practica2/CMakeFiles/CMakeTmp

Run Build Command:"/usr/bin/make" "cmTC_fd1d5/fast"
/usr/bin/make -f CMakeFiles/cmTC_fd1d5.dir/build.make CMakeFiles/cmTC_fd1d5.dir/build
make[1]: Entering directory '/home/blazeneko/robotica2018/practica2/CMakeFiles/CMakeTmp'
Building C object CMakeFiles/cmTC_fd1d5.dir/CheckFunctionExists.c.o
/usr/bin/cc   -DCHECK_FUNCTION_EXISTS=pthread_create   -o CMakeFiles/cmTC_fd1d5.dir/CheckFunctionExists.c.o   -c /usr/share/cmake-3.10/Modules/CheckFunctionExists.c
Linking C executable cmTC_fd1d5
/usr/bin/cmake -E cmake_link_script CMakeFiles/cmTC_fd1d5.dir/link.txt --verbose=1
/usr/bin/cc  -DCHECK_FUNCTION_EXISTS=pthread_create    -rdynamic CMakeFiles/cmTC_fd1d5.dir/CheckFunctionExists.c.o  -o cmTC_fd1d5 -lpthreads 
/usr/bin/ld: cannot find -lpthreads
collect2: error: ld returned 1 exit status
CMakeFiles/cmTC_fd1d5.dir/build.make:97: recipe for target 'cmTC_fd1d5' failed
make[1]: *** [cmTC_fd1d5] Error 1
make[1]: Leaving directory '/home/blazeneko/robotica2018/practica2/CMakeFiles/CMakeTmp'
Makefile:126: recipe for target 'cmTC_fd1d5/fast' failed
make: *** [cmTC_fd1d5/fast] Error 2


Determining if the Q_WS_WIN exist failed with the following output:
Change Dir: /home/brio/robotica2018/practica2/CMakeFiles/CMakeTmp

Run Build Command:"/usr/bin/make" "cmTC_0da35/fast"
/usr/bin/make -f CMakeFiles/cmTC_0da35.dir/build.make CMakeFiles/cmTC_0da35.dir/build
make[1]: se entra en el directorio '/home/brio/robotica2018/practica2/CMakeFiles/CMakeTmp'
Building CXX object CMakeFiles/cmTC_0da35.dir/CheckSymbolExists.cxx.o
/usr/bin/c++   -I/usr/include/qt4   -o CMakeFiles/cmTC_0da35.dir/CheckSymbolExists.cxx.o -c /home/brio/robotica2018/practica2/CMakeFiles/CMakeTmp/CheckSymbolExists.cxx
/home/brio/robotica2018/practica2/CMakeFiles/CMakeTmp/CheckSymbolExists.cxx: In function ‘int main(int, char**)’:
/home/brio/robotica2018/practica2/CMakeFiles/CMakeTmp/CheckSymbolExists.cxx:8:19: error: ‘Q_WS_WIN’ was not declared in this scope
   return ((int*)(&Q_WS_WIN))[argc];
                   ^~~~~~~~
/home/brio/robotica2018/practica2/CMakeFiles/CMakeTmp/CheckSymbolExists.cxx:8:19: note: suggested alternative: ‘Q_WS_X11’
   return ((int*)(&Q_WS_WIN))[argc];
                   ^~~~~~~~
                   Q_WS_X11
CMakeFiles/cmTC_0da35.dir/build.make:65: recipe for target 'CMakeFiles/cmTC_0da35.dir/CheckSymbolExists.cxx.o' failed
make[1]: *** [CMakeFiles/cmTC_0da35.dir/CheckSymbolExists.cxx.o] Error 1
make[1]: se sale del directorio '/home/brio/robotica2018/practica2/CMakeFiles/CMakeTmp'
Makefile:126: recipe for target 'cmTC_0da35/fast' failed
make: *** [cmTC_0da35/fast] Error 2

File /home/brio/robotica2018/practica2/CMakeFiles/CMakeTmp/CheckSymbolExists.cxx:
/* */
#include <QtCore/qglobal.h>

int main(int argc, char** argv)
{
  (void)argv;
#ifndef Q_WS_WIN
  return ((int*)(&Q_WS_WIN))[argc];
#else
  (void)argc;
  return 0;
#endif
}

Determining if the Q_WS_QWS exist failed with the following output:
Change Dir: /home/brio/robotica2018/practica2/CMakeFiles/CMakeTmp

Run Build Command:"/usr/bin/make" "cmTC_d39d6/fast"
/usr/bin/make -f CMakeFiles/cmTC_d39d6.dir/build.make CMakeFiles/cmTC_d39d6.dir/build
make[1]: se entra en el directorio '/home/brio/robotica2018/practica2/CMakeFiles/CMakeTmp'
Building CXX object CMakeFiles/cmTC_d39d6.dir/CheckSymbolExists.cxx.o
/usr/bin/c++   -I/usr/include/qt4   -o CMakeFiles/cmTC_d39d6.dir/CheckSymbolExists.cxx.o -c /home/brio/robotica2018/practica2/CMakeFiles/CMakeTmp/CheckSymbolExists.cxx
/home/brio/robotica2018/practica2/CMakeFiles/CMakeTmp/CheckSymbolExists.cxx: In function ‘int main(int, char**)’:
/home/brio/robotica2018/practica2/CMakeFiles/CMakeTmp/CheckSymbolExists.cxx:8:19: error: ‘Q_WS_QWS’ was not declared in this scope
   return ((int*)(&Q_WS_QWS))[argc];
                   ^~~~~~~~
/home/brio/robotica2018/practica2/CMakeFiles/CMakeTmp/CheckSymbolExists.cxx:8:19: note: suggested alternative: ‘Q_WS_X11’
   return ((int*)(&Q_WS_QWS))[argc];
                   ^~~~~~~~
                   Q_WS_X11
CMakeFiles/cmTC_d39d6.dir/build.make:65: recipe for target 'CMakeFiles/cmTC_d39d6.dir/CheckSymbolExists.cxx.o' failed
make[1]: *** [CMakeFiles/cmTC_d39d6.dir/CheckSymbolExists.cxx.o] Error 1
make[1]: se sale del directorio '/home/brio/robotica2018/practica2/CMakeFiles/CMakeTmp'
Makefile:126: recipe for target 'cmTC_d39d6/fast' failed
make: *** [cmTC_d39d6/fast] Error 2

File /home/brio/robotica2018/practica2/CMakeFiles/CMakeTmp/CheckSymbolExists.cxx:
/* */
#include <QtCore/qglobal.h>

int main(int argc, char** argv)
{
  (void)argv;
#ifndef Q_WS_QWS
  return ((int*)(&Q_WS_QWS))[argc];
#else
  (void)argc;
  return 0;
#endif
}

Determining if the Q_WS_MAC exist failed with the following output:
Change Dir: /home/brio/robotica2018/practica2/CMakeFiles/CMakeTmp

Run Build Command:"/usr/bin/make" "cmTC_169c2/fast"
/usr/bin/make -f CMakeFiles/cmTC_169c2.dir/build.make CMakeFiles/cmTC_169c2.dir/build
make[1]: se entra en el directorio '/home/brio/robotica2018/practica2/CMakeFiles/CMakeTmp'
Building CXX object CMakeFiles/cmTC_169c2.dir/CheckSymbolExists.cxx.o
/usr/bin/c++   -I/usr/include/qt4   -o CMakeFiles/cmTC_169c2.dir/CheckSymbolExists.cxx.o -c /home/brio/robotica2018/practica2/CMakeFiles/CMakeTmp/CheckSymbolExists.cxx
/home/brio/robotica2018/practica2/CMakeFiles/CMakeTmp/CheckSymbolExists.cxx: In function ‘int main(int, char**)’:
/home/brio/robotica2018/practica2/CMakeFiles/CMakeTmp/CheckSymbolExists.cxx:8:19: error: ‘Q_WS_MAC’ was not declared in this scope
   return ((int*)(&Q_WS_MAC))[argc];
                   ^~~~~~~~
/home/brio/robotica2018/practica2/CMakeFiles/CMakeTmp/CheckSymbolExists.cxx:8:19: note: suggested alternative: ‘Q_WS_X11’
   return ((int*)(&Q_WS_MAC))[argc];
                   ^~~~~~~~
                   Q_WS_X11
CMakeFiles/cmTC_169c2.dir/build.make:65: recipe for target 'CMakeFiles/cmTC_169c2.dir/CheckSymbolExists.cxx.o' failed
make[1]: *** [CMakeFiles/cmTC_169c2.dir/CheckSymbolExists.cxx.o] Error 1
make[1]: se sale del directorio '/home/brio/robotica2018/practica2/CMakeFiles/CMakeTmp'
Makefile:126: recipe for target 'cmTC_169c2/fast' failed
make: *** [cmTC_169c2/fast] Error 2

File /home/brio/robotica2018/practica2/CMakeFiles/CMakeTmp/CheckSymbolExists.cxx:
/* */
#include <QtCore/qglobal.h>

int main(int argc, char** argv)
{
  (void)argv;
#ifndef Q_WS_MAC
  return ((int*)(&Q_WS_MAC))[argc];
#else
  (void)argc;
  return 0;
#endif
}

Determining if the pthread_create exist failed with the following output:
Change Dir: /home/brio/robotica2018/practica2/CMakeFiles/CMakeTmp

Run Build Command:"/usr/bin/make" "cmTC_8c735/fast"
/usr/bin/make -f CMakeFiles/cmTC_8c735.dir/build.make CMakeFiles/cmTC_8c735.dir/build
make[1]: se entra en el directorio '/home/brio/robotica2018/practica2/CMakeFiles/CMakeTmp'
Building C object CMakeFiles/cmTC_8c735.dir/CheckSymbolExists.c.o
/usr/bin/cc    -o CMakeFiles/cmTC_8c735.dir/CheckSymbolExists.c.o   -c /home/brio/robotica2018/practica2/CMakeFiles/CMakeTmp/CheckSymbolExists.c
Linking C executable cmTC_8c735
/usr/bin/cmake -E cmake_link_script CMakeFiles/cmTC_8c735.dir/link.txt --verbose=1
/usr/bin/cc      -rdynamic CMakeFiles/cmTC_8c735.dir/CheckSymbolExists.c.o  -o cmTC_8c735 
CMakeFiles/cmTC_8c735.dir/CheckSymbolExists.c.o: En la función `main':
CheckSymbolExists.c:(.text+0x1b): referencia a `pthread_create' sin definir
collect2: error: ld returned 1 exit status
CMakeFiles/cmTC_8c735.dir/build.make:97: recipe for target 'cmTC_8c735' failed
make[1]: *** [cmTC_8c735] Error 1
make[1]: se sale del directorio '/home/brio/robotica2018/practica2/CMakeFiles/CMakeTmp'
Makefile:126: recipe for target 'cmTC_8c735/fast' failed
make: *** [cmTC_8c735/fast] Error 2

File /home/brio/robotica2018/practica2/CMakeFiles/CMakeTmp/CheckSymbolExists.c:
/* */
#include <pthread.h>

int main(int argc, char** argv)
{
  (void)argv;
#ifndef pthread_create
  return ((int*)(&pthread_create))[argc];
#else
  (void)argc;
  return 0;
#endif
}

Determining if the function pthread_create exists in the pthreads failed with the following output:
Change Dir: /home/brio/robotica2018/practica2/CMakeFiles/CMakeTmp

Run Build Command:"/usr/bin/make" "cmTC_f1964/fast"
/usr/bin/make -f CMakeFiles/cmTC_f1964.dir/build.make CMakeFiles/cmTC_f1964.dir/build
make[1]: se entra en el directorio '/home/brio/robotica2018/practica2/CMakeFiles/CMakeTmp'
Building C object CMakeFiles/cmTC_f1964.dir/CheckFunctionExists.c.o
/usr/bin/cc   -DCHECK_FUNCTION_EXISTS=pthread_create   -o CMakeFiles/cmTC_f1964.dir/CheckFunctionExists.c.o   -c /usr/share/cmake-3.10/Modules/CheckFunctionExists.c
Linking C executable cmTC_f1964
/usr/bin/cmake -E cmake_link_script CMakeFiles/cmTC_f1964.dir/link.txt --verbose=1
/usr/bin/cc  -DCHECK_FUNCTION_EXISTS=pthread_create    -rdynamic CMakeFiles/cmTC_f1964.dir/CheckFunctionExists.c.o  -o cmTC_f1964 -lpthreads 
/usr/bin/ld: no se puede encontrar -lpthreads
collect2: error: ld returned 1 exit status
CMakeFiles/cmTC_f1964.dir/build.make:97: recipe for target 'cmTC_f1964' failed
make[1]: *** [cmTC_f1964] Error 1
make[1]: se sale del directorio '/home/brio/robotica2018/practica2/CMakeFiles/CMakeTmp'
Makefile:126: recipe for target 'cmTC_f1964/fast' failed
make: *** [cmTC_f1964/fast] Error 2


Determining if the Q_WS_WIN exist failed with the following output:
Change Dir: /home/brio/robotica2018/practica2/CMakeFiles/CMakeTmp

Run Build Command:"/usr/bin/make" "cmTC_0eac4/fast"
/usr/bin/make -f CMakeFiles/cmTC_0eac4.dir/build.make CMakeFiles/cmTC_0eac4.dir/build
make[1]: se entra en el directorio '/home/brio/robotica2018/practica2/CMakeFiles/CMakeTmp'
Building CXX object CMakeFiles/cmTC_0eac4.dir/CheckSymbolExists.cxx.o
/usr/bin/c++   -I/usr/include/qt4   -o CMakeFiles/cmTC_0eac4.dir/CheckSymbolExists.cxx.o -c /home/brio/robotica2018/practica2/CMakeFiles/CMakeTmp/CheckSymbolExists.cxx
/home/brio/robotica2018/practica2/CMakeFiles/CMakeTmp/CheckSymbolExists.cxx: In function ‘int main(int, char**)’:
/home/brio/robotica2018/practica2/CMakeFiles/CMakeTmp/CheckSymbolExists.cxx:8:19: error: ‘Q_WS_WIN’ was not declared in this scope
   return ((int*)(&Q_WS_WIN))[argc];
                   ^~~~~~~~
/home/brio/robotica2018/practica2/CMakeFiles/CMakeTmp/CheckSymbolExists.cxx:8:19: note: suggested alternative: ‘Q_WS_X11’
   return ((int*)(&Q_WS_WIN))[argc];
                   ^~~~~~~~
                   Q_WS_X11
CMakeFiles/cmTC_0eac4.dir/build.make:65: recipe for target 'CMakeFiles/cmTC_0eac4.dir/CheckSymbolExists.cxx.o' failed
make[1]: *** [CMakeFiles/cmTC_0eac4.dir/CheckSymbolExists.cxx.o] Error 1
make[1]: se sale del directorio '/home/brio/robotica2018/practica2/CMakeFiles/CMakeTmp'
Makefile:126: recipe for target 'cmTC_0eac4/fast' failed
make: *** [cmTC_0eac4/fast] Error 2

File /home/brio/robotica2018/practica2/CMakeFiles/CMakeTmp/CheckSymbolExists.cxx:
/* */
#include <QtCore/qglobal.h>

int main(int argc, char** argv)
{
  (void)argv;
#ifndef Q_WS_WIN
  return ((int*)(&Q_WS_WIN))[argc];
#else
  (void)argc;
  return 0;
#endif
}

Determining if the Q_WS_QWS exist failed with the following output:
Change Dir: /home/brio/robotica2018/practica2/CMakeFiles/CMakeTmp

Run Build Command:"/usr/bin/make" "cmTC_377e5/fast"
/usr/bin/make -f CMakeFiles/cmTC_377e5.dir/build.make CMakeFiles/cmTC_377e5.dir/build
make[1]: se entra en el directorio '/home/brio/robotica2018/practica2/CMakeFiles/CMakeTmp'
Building CXX object CMakeFiles/cmTC_377e5.dir/CheckSymbolExists.cxx.o
/usr/bin/c++   -I/usr/include/qt4   -o CMakeFiles/cmTC_377e5.dir/CheckSymbolExists.cxx.o -c /home/brio/robotica2018/practica2/CMakeFiles/CMakeTmp/CheckSymbolExists.cxx
/home/brio/robotica2018/practica2/CMakeFiles/CMakeTmp/CheckSymbolExists.cxx: In function ‘int main(int, char**)’:
/home/brio/robotica2018/practica2/CMakeFiles/CMakeTmp/CheckSymbolExists.cxx:8:19: error: ‘Q_WS_QWS’ was not declared in this scope
   return ((int*)(&Q_WS_QWS))[argc];
                   ^~~~~~~~
/home/brio/robotica2018/practica2/CMakeFiles/CMakeTmp/CheckSymbolExists.cxx:8:19: note: suggested alternative: ‘Q_WS_X11’
   return ((int*)(&Q_WS_QWS))[argc];
                   ^~~~~~~~
                   Q_WS_X11
CMakeFiles/cmTC_377e5.dir/build.make:65: recipe for target 'CMakeFiles/cmTC_377e5.dir/CheckSymbolExists.cxx.o' failed
make[1]: *** [CMakeFiles/cmTC_377e5.dir/CheckSymbolExists.cxx.o] Error 1
make[1]: se sale del directorio '/home/brio/robotica2018/practica2/CMakeFiles/CMakeTmp'
Makefile:126: recipe for target 'cmTC_377e5/fast' failed
make: *** [cmTC_377e5/fast] Error 2

File /home/brio/robotica2018/practica2/CMakeFiles/CMakeTmp/CheckSymbolExists.cxx:
/* */
#include <QtCore/qglobal.h>

int main(int argc, char** argv)
{
  (void)argv;
#ifndef Q_WS_QWS
  return ((int*)(&Q_WS_QWS))[argc];
#else
  (void)argc;
  return 0;
#endif
}

Determining if the Q_WS_MAC exist failed with the following output:
Change Dir: /home/brio/robotica2018/practica2/CMakeFiles/CMakeTmp

Run Build Command:"/usr/bin/make" "cmTC_64207/fast"
/usr/bin/make -f CMakeFiles/cmTC_64207.dir/build.make CMakeFiles/cmTC_64207.dir/build
make[1]: se entra en el directorio '/home/brio/robotica2018/practica2/CMakeFiles/CMakeTmp'
Building CXX object CMakeFiles/cmTC_64207.dir/CheckSymbolExists.cxx.o
/usr/bin/c++   -I/usr/include/qt4   -o CMakeFiles/cmTC_64207.dir/CheckSymbolExists.cxx.o -c /home/brio/robotica2018/practica2/CMakeFiles/CMakeTmp/CheckSymbolExists.cxx
/home/brio/robotica2018/practica2/CMakeFiles/CMakeTmp/CheckSymbolExists.cxx: In function ‘int main(int, char**)’:
/home/brio/robotica2018/practica2/CMakeFiles/CMakeTmp/CheckSymbolExists.cxx:8:19: error: ‘Q_WS_MAC’ was not declared in this scope
   return ((int*)(&Q_WS_MAC))[argc];
                   ^~~~~~~~
/home/brio/robotica2018/practica2/CMakeFiles/CMakeTmp/CheckSymbolExists.cxx:8:19: note: suggested alternative: ‘Q_WS_X11’
   return ((int*)(&Q_WS_MAC))[argc];
                   ^~~~~~~~
                   Q_WS_X11
CMakeFiles/cmTC_64207.dir/build.make:65: recipe for target 'CMakeFiles/cmTC_64207.dir/CheckSymbolExists.cxx.o' failed
make[1]: *** [CMakeFiles/cmTC_64207.dir/CheckSymbolExists.cxx.o] Error 1
make[1]: se sale del directorio '/home/brio/robotica2018/practica2/CMakeFiles/CMakeTmp'
Makefile:126: recipe for target 'cmTC_64207/fast' failed
make: *** [cmTC_64207/fast] Error 2

File /home/brio/robotica2018/practica2/CMakeFiles/CMakeTmp/CheckSymbolExists.cxx:
/* */
#include <QtCore/qglobal.h>

int main(int argc, char** argv)
{
  (void)argv;
#ifndef Q_WS_MAC
  return ((int*)(&Q_WS_MAC))[argc];
#else
  (void)argc;
  return 0;
#endif
}

Determining if the pthread_create exist failed with the following output:
Change Dir: /home/brio/robotica2018/practica2/CMakeFiles/CMakeTmp

Run Build Command:"/usr/bin/make" "cmTC_c3903/fast"
/usr/bin/make -f CMakeFiles/cmTC_c3903.dir/build.make CMakeFiles/cmTC_c3903.dir/build
make[1]: se entra en el directorio '/home/brio/robotica2018/practica2/CMakeFiles/CMakeTmp'
Building C object CMakeFiles/cmTC_c3903.dir/CheckSymbolExists.c.o
/usr/bin/cc    -o CMakeFiles/cmTC_c3903.dir/CheckSymbolExists.c.o   -c /home/brio/robotica2018/practica2/CMakeFiles/CMakeTmp/CheckSymbolExists.c
Linking C executable cmTC_c3903
/usr/bin/cmake -E cmake_link_script CMakeFiles/cmTC_c3903.dir/link.txt --verbose=1
/usr/bin/cc      -rdynamic CMakeFiles/cmTC_c3903.dir/CheckSymbolExists.c.o  -o cmTC_c3903 
CMakeFiles/cmTC_c3903.dir/CheckSymbolExists.c.o: En la función `main':
CheckSymbolExists.c:(.text+0x1b): referencia a `pthread_create' sin definir
collect2: error: ld returned 1 exit status
CMakeFiles/cmTC_c3903.dir/build.make:97: recipe for target 'cmTC_c3903' failed
make[1]: *** [cmTC_c3903] Error 1
make[1]: se sale del directorio '/home/brio/robotica2018/practica2/CMakeFiles/CMakeTmp'
Makefile:126: recipe for target 'cmTC_c3903/fast' failed
make: *** [cmTC_c3903/fast] Error 2

File /home/brio/robotica2018/practica2/CMakeFiles/CMakeTmp/CheckSymbolExists.c:
/* */
#include <pthread.h>

int main(int argc, char** argv)
{
  (void)argv;
#ifndef pthread_create
  return ((int*)(&pthread_create))[argc];
#else
  (void)argc;
  return 0;
#endif
}

Determining if the function pthread_create exists in the pthreads failed with the following output:
Change Dir: /home/brio/robotica2018/practica2/CMakeFiles/CMakeTmp

Run Build Command:"/usr/bin/make" "cmTC_5a0b4/fast"
/usr/bin/make -f CMakeFiles/cmTC_5a0b4.dir/build.make CMakeFiles/cmTC_5a0b4.dir/build
make[1]: se entra en el directorio '/home/brio/robotica2018/practica2/CMakeFiles/CMakeTmp'
Building C object CMakeFiles/cmTC_5a0b4.dir/CheckFunctionExists.c.o
/usr/bin/cc   -DCHECK_FUNCTION_EXISTS=pthread_create   -o CMakeFiles/cmTC_5a0b4.dir/CheckFunctionExists.c.o   -c /usr/share/cmake-3.10/Modules/CheckFunctionExists.c
Linking C executable cmTC_5a0b4
/usr/bin/cmake -E cmake_link_script CMakeFiles/cmTC_5a0b4.dir/link.txt --verbose=1
/usr/bin/cc  -DCHECK_FUNCTION_EXISTS=pthread_create    -rdynamic CMakeFiles/cmTC_5a0b4.dir/CheckFunctionExists.c.o  -o cmTC_5a0b4 -lpthreads 
/usr/bin/ld: no se puede encontrar -lpthreads
collect2: error: ld returned 1 exit status
CMakeFiles/cmTC_5a0b4.dir/build.make:97: recipe for target 'cmTC_5a0b4' failed
make[1]: *** [cmTC_5a0b4] Error 1
make[1]: se sale del directorio '/home/brio/robotica2018/practica2/CMakeFiles/CMakeTmp'
Makefile:126: recipe for target 'cmTC_5a0b4/fast' failed
make: *** [cmTC_5a0b4/fast] Error 2


