Determining if the Q_WS_WIN exist failed with the following output:
Change Dir: /home/brio/robocomp/components/robotica2018/practica4/CMakeFiles/CMakeTmp

Run Build Command:"/usr/bin/make" "cmTC_f0d13/fast"
/usr/bin/make -f CMakeFiles/cmTC_f0d13.dir/build.make CMakeFiles/cmTC_f0d13.dir/build
make[1]: se entra en el directorio '/home/brio/robocomp/components/robotica2018/practica4/CMakeFiles/CMakeTmp'
Building CXX object CMakeFiles/cmTC_f0d13.dir/CheckSymbolExists.cxx.o
/usr/bin/c++   -I/usr/include/qt4   -o CMakeFiles/cmTC_f0d13.dir/CheckSymbolExists.cxx.o -c /home/brio/robocomp/components/robotica2018/practica4/CMakeFiles/CMakeTmp/CheckSymbolExists.cxx
/home/brio/robocomp/components/robotica2018/practica4/CMakeFiles/CMakeTmp/CheckSymbolExists.cxx: In function ‘int main(int, char**)’:
/home/brio/robocomp/components/robotica2018/practica4/CMakeFiles/CMakeTmp/CheckSymbolExists.cxx:8:19: error: ‘Q_WS_WIN’ was not declared in this scope
   return ((int*)(&Q_WS_WIN))[argc];
                   ^~~~~~~~
/home/brio/robocomp/components/robotica2018/practica4/CMakeFiles/CMakeTmp/CheckSymbolExists.cxx:8:19: note: suggested alternative: ‘Q_WS_X11’
   return ((int*)(&Q_WS_WIN))[argc];
                   ^~~~~~~~
                   Q_WS_X11
CMakeFiles/cmTC_f0d13.dir/build.make:65: recipe for target 'CMakeFiles/cmTC_f0d13.dir/CheckSymbolExists.cxx.o' failed
make[1]: *** [CMakeFiles/cmTC_f0d13.dir/CheckSymbolExists.cxx.o] Error 1
make[1]: se sale del directorio '/home/brio/robocomp/components/robotica2018/practica4/CMakeFiles/CMakeTmp'
Makefile:126: recipe for target 'cmTC_f0d13/fast' failed
make: *** [cmTC_f0d13/fast] Error 2

File /home/brio/robocomp/components/robotica2018/practica4/CMakeFiles/CMakeTmp/CheckSymbolExists.cxx:
/* */
#include <QtCore/qglobal.h>

int main(int argc, char** argv)
{
  (void)argv;
#ifndef Q_WS_WIN
  return ((int*)(&Q_WS_WIN))[argc];
#else
  (void)argc;
  return 0;
#endif
}

Determining if the Q_WS_QWS exist failed with the following output:
Change Dir: /home/brio/robocomp/components/robotica2018/practica4/CMakeFiles/CMakeTmp

Run Build Command:"/usr/bin/make" "cmTC_a1e22/fast"
/usr/bin/make -f CMakeFiles/cmTC_a1e22.dir/build.make CMakeFiles/cmTC_a1e22.dir/build
make[1]: se entra en el directorio '/home/brio/robocomp/components/robotica2018/practica4/CMakeFiles/CMakeTmp'
Building CXX object CMakeFiles/cmTC_a1e22.dir/CheckSymbolExists.cxx.o
/usr/bin/c++   -I/usr/include/qt4   -o CMakeFiles/cmTC_a1e22.dir/CheckSymbolExists.cxx.o -c /home/brio/robocomp/components/robotica2018/practica4/CMakeFiles/CMakeTmp/CheckSymbolExists.cxx
/home/brio/robocomp/components/robotica2018/practica4/CMakeFiles/CMakeTmp/CheckSymbolExists.cxx: In function ‘int main(int, char**)’:
/home/brio/robocomp/components/robotica2018/practica4/CMakeFiles/CMakeTmp/CheckSymbolExists.cxx:8:19: error: ‘Q_WS_QWS’ was not declared in this scope
   return ((int*)(&Q_WS_QWS))[argc];
                   ^~~~~~~~
/home/brio/robocomp/components/robotica2018/practica4/CMakeFiles/CMakeTmp/CheckSymbolExists.cxx:8:19: note: suggested alternative: ‘Q_WS_X11’
   return ((int*)(&Q_WS_QWS))[argc];
                   ^~~~~~~~
                   Q_WS_X11
CMakeFiles/cmTC_a1e22.dir/build.make:65: recipe for target 'CMakeFiles/cmTC_a1e22.dir/CheckSymbolExists.cxx.o' failed
make[1]: *** [CMakeFiles/cmTC_a1e22.dir/CheckSymbolExists.cxx.o] Error 1
make[1]: se sale del directorio '/home/brio/robocomp/components/robotica2018/practica4/CMakeFiles/CMakeTmp'
Makefile:126: recipe for target 'cmTC_a1e22/fast' failed
make: *** [cmTC_a1e22/fast] Error 2

File /home/brio/robocomp/components/robotica2018/practica4/CMakeFiles/CMakeTmp/CheckSymbolExists.cxx:
/* */
#include <QtCore/qglobal.h>

int main(int argc, char** argv)
{
  (void)argv;
#ifndef Q_WS_QWS
  return ((int*)(&Q_WS_QWS))[argc];
#else
  (void)argc;
  return 0;
#endif
}

Determining if the Q_WS_MAC exist failed with the following output:
Change Dir: /home/brio/robocomp/components/robotica2018/practica4/CMakeFiles/CMakeTmp

Run Build Command:"/usr/bin/make" "cmTC_b5221/fast"
/usr/bin/make -f CMakeFiles/cmTC_b5221.dir/build.make CMakeFiles/cmTC_b5221.dir/build
make[1]: se entra en el directorio '/home/brio/robocomp/components/robotica2018/practica4/CMakeFiles/CMakeTmp'
Building CXX object CMakeFiles/cmTC_b5221.dir/CheckSymbolExists.cxx.o
/usr/bin/c++   -I/usr/include/qt4   -o CMakeFiles/cmTC_b5221.dir/CheckSymbolExists.cxx.o -c /home/brio/robocomp/components/robotica2018/practica4/CMakeFiles/CMakeTmp/CheckSymbolExists.cxx
/home/brio/robocomp/components/robotica2018/practica4/CMakeFiles/CMakeTmp/CheckSymbolExists.cxx: In function ‘int main(int, char**)’:
/home/brio/robocomp/components/robotica2018/practica4/CMakeFiles/CMakeTmp/CheckSymbolExists.cxx:8:19: error: ‘Q_WS_MAC’ was not declared in this scope
   return ((int*)(&Q_WS_MAC))[argc];
                   ^~~~~~~~
/home/brio/robocomp/components/robotica2018/practica4/CMakeFiles/CMakeTmp/CheckSymbolExists.cxx:8:19: note: suggested alternative: ‘Q_WS_X11’
   return ((int*)(&Q_WS_MAC))[argc];
                   ^~~~~~~~
                   Q_WS_X11
CMakeFiles/cmTC_b5221.dir/build.make:65: recipe for target 'CMakeFiles/cmTC_b5221.dir/CheckSymbolExists.cxx.o' failed
make[1]: *** [CMakeFiles/cmTC_b5221.dir/CheckSymbolExists.cxx.o] Error 1
make[1]: se sale del directorio '/home/brio/robocomp/components/robotica2018/practica4/CMakeFiles/CMakeTmp'
Makefile:126: recipe for target 'cmTC_b5221/fast' failed
make: *** [cmTC_b5221/fast] Error 2

File /home/brio/robocomp/components/robotica2018/practica4/CMakeFiles/CMakeTmp/CheckSymbolExists.cxx:
/* */
#include <QtCore/qglobal.h>

int main(int argc, char** argv)
{
  (void)argv;
#ifndef Q_WS_MAC
  return ((int*)(&Q_WS_MAC))[argc];
#else
  (void)argc;
  return 0;
#endif
}

Determining if the pthread_create exist failed with the following output:
Change Dir: /home/brio/robocomp/components/robotica2018/practica4/CMakeFiles/CMakeTmp

Run Build Command:"/usr/bin/make" "cmTC_068e4/fast"
/usr/bin/make -f CMakeFiles/cmTC_068e4.dir/build.make CMakeFiles/cmTC_068e4.dir/build
make[1]: se entra en el directorio '/home/brio/robocomp/components/robotica2018/practica4/CMakeFiles/CMakeTmp'
Building C object CMakeFiles/cmTC_068e4.dir/CheckSymbolExists.c.o
/usr/bin/cc    -o CMakeFiles/cmTC_068e4.dir/CheckSymbolExists.c.o   -c /home/brio/robocomp/components/robotica2018/practica4/CMakeFiles/CMakeTmp/CheckSymbolExists.c
Linking C executable cmTC_068e4
/usr/bin/cmake -E cmake_link_script CMakeFiles/cmTC_068e4.dir/link.txt --verbose=1
/usr/bin/cc      -rdynamic CMakeFiles/cmTC_068e4.dir/CheckSymbolExists.c.o  -o cmTC_068e4 
CMakeFiles/cmTC_068e4.dir/CheckSymbolExists.c.o: En la función `main':
CheckSymbolExists.c:(.text+0x1b): referencia a `pthread_create' sin definir
collect2: error: ld returned 1 exit status
CMakeFiles/cmTC_068e4.dir/build.make:97: recipe for target 'cmTC_068e4' failed
make[1]: *** [cmTC_068e4] Error 1
make[1]: se sale del directorio '/home/brio/robocomp/components/robotica2018/practica4/CMakeFiles/CMakeTmp'
Makefile:126: recipe for target 'cmTC_068e4/fast' failed
make: *** [cmTC_068e4/fast] Error 2

File /home/brio/robocomp/components/robotica2018/practica4/CMakeFiles/CMakeTmp/CheckSymbolExists.c:
/* */
#include <pthread.h>

int main(int argc, char** argv)
{
  (void)argv;
#ifndef pthread_create
  return ((int*)(&pthread_create))[argc];
#else
  (void)argc;
  return 0;
#endif
}

Determining if the function pthread_create exists in the pthreads failed with the following output:
Change Dir: /home/brio/robocomp/components/robotica2018/practica4/CMakeFiles/CMakeTmp

Run Build Command:"/usr/bin/make" "cmTC_a1e5e/fast"
/usr/bin/make -f CMakeFiles/cmTC_a1e5e.dir/build.make CMakeFiles/cmTC_a1e5e.dir/build
make[1]: se entra en el directorio '/home/brio/robocomp/components/robotica2018/practica4/CMakeFiles/CMakeTmp'
Building C object CMakeFiles/cmTC_a1e5e.dir/CheckFunctionExists.c.o
/usr/bin/cc   -DCHECK_FUNCTION_EXISTS=pthread_create   -o CMakeFiles/cmTC_a1e5e.dir/CheckFunctionExists.c.o   -c /usr/share/cmake-3.10/Modules/CheckFunctionExists.c
Linking C executable cmTC_a1e5e
/usr/bin/cmake -E cmake_link_script CMakeFiles/cmTC_a1e5e.dir/link.txt --verbose=1
/usr/bin/cc  -DCHECK_FUNCTION_EXISTS=pthread_create    -rdynamic CMakeFiles/cmTC_a1e5e.dir/CheckFunctionExists.c.o  -o cmTC_a1e5e -lpthreads 
/usr/bin/ld: no se puede encontrar -lpthreads
collect2: error: ld returned 1 exit status
CMakeFiles/cmTC_a1e5e.dir/build.make:97: recipe for target 'cmTC_a1e5e' failed
make[1]: *** [cmTC_a1e5e] Error 1
make[1]: se sale del directorio '/home/brio/robocomp/components/robotica2018/practica4/CMakeFiles/CMakeTmp'
Makefile:126: recipe for target 'cmTC_a1e5e/fast' failed
make: *** [cmTC_a1e5e/fast] Error 2


Determining if the Q_WS_WIN exist failed with the following output:
Change Dir: /home/brio/robocomp/components/robotica2018/practica4/CMakeFiles/CMakeTmp

Run Build Command:"/usr/bin/make" "cmTC_0d361/fast"
/usr/bin/make -f CMakeFiles/cmTC_0d361.dir/build.make CMakeFiles/cmTC_0d361.dir/build
make[1]: se entra en el directorio '/home/brio/robocomp/components/robotica2018/practica4/CMakeFiles/CMakeTmp'
Building CXX object CMakeFiles/cmTC_0d361.dir/CheckSymbolExists.cxx.o
/usr/bin/c++   -I/usr/include/qt4   -o CMakeFiles/cmTC_0d361.dir/CheckSymbolExists.cxx.o -c /home/brio/robocomp/components/robotica2018/practica4/CMakeFiles/CMakeTmp/CheckSymbolExists.cxx
/home/brio/robocomp/components/robotica2018/practica4/CMakeFiles/CMakeTmp/CheckSymbolExists.cxx: In function ‘int main(int, char**)’:
/home/brio/robocomp/components/robotica2018/practica4/CMakeFiles/CMakeTmp/CheckSymbolExists.cxx:8:19: error: ‘Q_WS_WIN’ was not declared in this scope
   return ((int*)(&Q_WS_WIN))[argc];
                   ^~~~~~~~
/home/brio/robocomp/components/robotica2018/practica4/CMakeFiles/CMakeTmp/CheckSymbolExists.cxx:8:19: note: suggested alternative: ‘Q_WS_X11’
   return ((int*)(&Q_WS_WIN))[argc];
                   ^~~~~~~~
                   Q_WS_X11
CMakeFiles/cmTC_0d361.dir/build.make:65: recipe for target 'CMakeFiles/cmTC_0d361.dir/CheckSymbolExists.cxx.o' failed
make[1]: *** [CMakeFiles/cmTC_0d361.dir/CheckSymbolExists.cxx.o] Error 1
make[1]: se sale del directorio '/home/brio/robocomp/components/robotica2018/practica4/CMakeFiles/CMakeTmp'
Makefile:126: recipe for target 'cmTC_0d361/fast' failed
make: *** [cmTC_0d361/fast] Error 2

File /home/brio/robocomp/components/robotica2018/practica4/CMakeFiles/CMakeTmp/CheckSymbolExists.cxx:
/* */
#include <QtCore/qglobal.h>

int main(int argc, char** argv)
{
  (void)argv;
#ifndef Q_WS_WIN
  return ((int*)(&Q_WS_WIN))[argc];
#else
  (void)argc;
  return 0;
#endif
}

Determining if the Q_WS_QWS exist failed with the following output:
Change Dir: /home/brio/robocomp/components/robotica2018/practica4/CMakeFiles/CMakeTmp

Run Build Command:"/usr/bin/make" "cmTC_224b0/fast"
/usr/bin/make -f CMakeFiles/cmTC_224b0.dir/build.make CMakeFiles/cmTC_224b0.dir/build
make[1]: se entra en el directorio '/home/brio/robocomp/components/robotica2018/practica4/CMakeFiles/CMakeTmp'
Building CXX object CMakeFiles/cmTC_224b0.dir/CheckSymbolExists.cxx.o
/usr/bin/c++   -I/usr/include/qt4   -o CMakeFiles/cmTC_224b0.dir/CheckSymbolExists.cxx.o -c /home/brio/robocomp/components/robotica2018/practica4/CMakeFiles/CMakeTmp/CheckSymbolExists.cxx
/home/brio/robocomp/components/robotica2018/practica4/CMakeFiles/CMakeTmp/CheckSymbolExists.cxx: In function ‘int main(int, char**)’:
/home/brio/robocomp/components/robotica2018/practica4/CMakeFiles/CMakeTmp/CheckSymbolExists.cxx:8:19: error: ‘Q_WS_QWS’ was not declared in this scope
   return ((int*)(&Q_WS_QWS))[argc];
                   ^~~~~~~~
/home/brio/robocomp/components/robotica2018/practica4/CMakeFiles/CMakeTmp/CheckSymbolExists.cxx:8:19: note: suggested alternative: ‘Q_WS_X11’
   return ((int*)(&Q_WS_QWS))[argc];
                   ^~~~~~~~
                   Q_WS_X11
CMakeFiles/cmTC_224b0.dir/build.make:65: recipe for target 'CMakeFiles/cmTC_224b0.dir/CheckSymbolExists.cxx.o' failed
make[1]: *** [CMakeFiles/cmTC_224b0.dir/CheckSymbolExists.cxx.o] Error 1
make[1]: se sale del directorio '/home/brio/robocomp/components/robotica2018/practica4/CMakeFiles/CMakeTmp'
Makefile:126: recipe for target 'cmTC_224b0/fast' failed
make: *** [cmTC_224b0/fast] Error 2

File /home/brio/robocomp/components/robotica2018/practica4/CMakeFiles/CMakeTmp/CheckSymbolExists.cxx:
/* */
#include <QtCore/qglobal.h>

int main(int argc, char** argv)
{
  (void)argv;
#ifndef Q_WS_QWS
  return ((int*)(&Q_WS_QWS))[argc];
#else
  (void)argc;
  return 0;
#endif
}

Determining if the Q_WS_MAC exist failed with the following output:
Change Dir: /home/brio/robocomp/components/robotica2018/practica4/CMakeFiles/CMakeTmp

Run Build Command:"/usr/bin/make" "cmTC_08b42/fast"
/usr/bin/make -f CMakeFiles/cmTC_08b42.dir/build.make CMakeFiles/cmTC_08b42.dir/build
make[1]: se entra en el directorio '/home/brio/robocomp/components/robotica2018/practica4/CMakeFiles/CMakeTmp'
Building CXX object CMakeFiles/cmTC_08b42.dir/CheckSymbolExists.cxx.o
/usr/bin/c++   -I/usr/include/qt4   -o CMakeFiles/cmTC_08b42.dir/CheckSymbolExists.cxx.o -c /home/brio/robocomp/components/robotica2018/practica4/CMakeFiles/CMakeTmp/CheckSymbolExists.cxx
/home/brio/robocomp/components/robotica2018/practica4/CMakeFiles/CMakeTmp/CheckSymbolExists.cxx: In function ‘int main(int, char**)’:
/home/brio/robocomp/components/robotica2018/practica4/CMakeFiles/CMakeTmp/CheckSymbolExists.cxx:8:19: error: ‘Q_WS_MAC’ was not declared in this scope
   return ((int*)(&Q_WS_MAC))[argc];
                   ^~~~~~~~
/home/brio/robocomp/components/robotica2018/practica4/CMakeFiles/CMakeTmp/CheckSymbolExists.cxx:8:19: note: suggested alternative: ‘Q_WS_X11’
   return ((int*)(&Q_WS_MAC))[argc];
                   ^~~~~~~~
                   Q_WS_X11
CMakeFiles/cmTC_08b42.dir/build.make:65: recipe for target 'CMakeFiles/cmTC_08b42.dir/CheckSymbolExists.cxx.o' failed
make[1]: *** [CMakeFiles/cmTC_08b42.dir/CheckSymbolExists.cxx.o] Error 1
make[1]: se sale del directorio '/home/brio/robocomp/components/robotica2018/practica4/CMakeFiles/CMakeTmp'
Makefile:126: recipe for target 'cmTC_08b42/fast' failed
make: *** [cmTC_08b42/fast] Error 2

File /home/brio/robocomp/components/robotica2018/practica4/CMakeFiles/CMakeTmp/CheckSymbolExists.cxx:
/* */
#include <QtCore/qglobal.h>

int main(int argc, char** argv)
{
  (void)argv;
#ifndef Q_WS_MAC
  return ((int*)(&Q_WS_MAC))[argc];
#else
  (void)argc;
  return 0;
#endif
}

Determining if the pthread_create exist failed with the following output:
Change Dir: /home/brio/robocomp/components/robotica2018/practica4/CMakeFiles/CMakeTmp

Run Build Command:"/usr/bin/make" "cmTC_2cbdb/fast"
/usr/bin/make -f CMakeFiles/cmTC_2cbdb.dir/build.make CMakeFiles/cmTC_2cbdb.dir/build
make[1]: se entra en el directorio '/home/brio/robocomp/components/robotica2018/practica4/CMakeFiles/CMakeTmp'
Building C object CMakeFiles/cmTC_2cbdb.dir/CheckSymbolExists.c.o
/usr/bin/cc    -o CMakeFiles/cmTC_2cbdb.dir/CheckSymbolExists.c.o   -c /home/brio/robocomp/components/robotica2018/practica4/CMakeFiles/CMakeTmp/CheckSymbolExists.c
Linking C executable cmTC_2cbdb
/usr/bin/cmake -E cmake_link_script CMakeFiles/cmTC_2cbdb.dir/link.txt --verbose=1
/usr/bin/cc      -rdynamic CMakeFiles/cmTC_2cbdb.dir/CheckSymbolExists.c.o  -o cmTC_2cbdb 
CMakeFiles/cmTC_2cbdb.dir/CheckSymbolExists.c.o: En la función `main':
CheckSymbolExists.c:(.text+0x1b): referencia a `pthread_create' sin definir
collect2: error: ld returned 1 exit status
CMakeFiles/cmTC_2cbdb.dir/build.make:97: recipe for target 'cmTC_2cbdb' failed
make[1]: *** [cmTC_2cbdb] Error 1
make[1]: se sale del directorio '/home/brio/robocomp/components/robotica2018/practica4/CMakeFiles/CMakeTmp'
Makefile:126: recipe for target 'cmTC_2cbdb/fast' failed
make: *** [cmTC_2cbdb/fast] Error 2

File /home/brio/robocomp/components/robotica2018/practica4/CMakeFiles/CMakeTmp/CheckSymbolExists.c:
/* */
#include <pthread.h>

int main(int argc, char** argv)
{
  (void)argv;
#ifndef pthread_create
  return ((int*)(&pthread_create))[argc];
#else
  (void)argc;
  return 0;
#endif
}

Determining if the function pthread_create exists in the pthreads failed with the following output:
Change Dir: /home/brio/robocomp/components/robotica2018/practica4/CMakeFiles/CMakeTmp

Run Build Command:"/usr/bin/make" "cmTC_863a3/fast"
/usr/bin/make -f CMakeFiles/cmTC_863a3.dir/build.make CMakeFiles/cmTC_863a3.dir/build
make[1]: se entra en el directorio '/home/brio/robocomp/components/robotica2018/practica4/CMakeFiles/CMakeTmp'
Building C object CMakeFiles/cmTC_863a3.dir/CheckFunctionExists.c.o
/usr/bin/cc   -DCHECK_FUNCTION_EXISTS=pthread_create   -o CMakeFiles/cmTC_863a3.dir/CheckFunctionExists.c.o   -c /usr/share/cmake-3.10/Modules/CheckFunctionExists.c
Linking C executable cmTC_863a3
/usr/bin/cmake -E cmake_link_script CMakeFiles/cmTC_863a3.dir/link.txt --verbose=1
/usr/bin/cc  -DCHECK_FUNCTION_EXISTS=pthread_create    -rdynamic CMakeFiles/cmTC_863a3.dir/CheckFunctionExists.c.o  -o cmTC_863a3 -lpthreads 
/usr/bin/ld: no se puede encontrar -lpthreads
collect2: error: ld returned 1 exit status
CMakeFiles/cmTC_863a3.dir/build.make:97: recipe for target 'cmTC_863a3' failed
make[1]: *** [cmTC_863a3] Error 1
make[1]: se sale del directorio '/home/brio/robocomp/components/robotica2018/practica4/CMakeFiles/CMakeTmp'
Makefile:126: recipe for target 'cmTC_863a3/fast' failed
make: *** [cmTC_863a3/fast] Error 2


Determining if the Q_WS_WIN exist failed with the following output:
Change Dir: /home/brio/robocomp/components/robotica2018/practica4/CMakeFiles/CMakeTmp

Run Build Command:"/usr/bin/make" "cmTC_8f35a/fast"
/usr/bin/make -f CMakeFiles/cmTC_8f35a.dir/build.make CMakeFiles/cmTC_8f35a.dir/build
make[1]: se entra en el directorio '/home/brio/robocomp/components/robotica2018/practica4/CMakeFiles/CMakeTmp'
Building CXX object CMakeFiles/cmTC_8f35a.dir/CheckSymbolExists.cxx.o
/usr/bin/c++   -I/usr/include/qt4   -o CMakeFiles/cmTC_8f35a.dir/CheckSymbolExists.cxx.o -c /home/brio/robocomp/components/robotica2018/practica4/CMakeFiles/CMakeTmp/CheckSymbolExists.cxx
/home/brio/robocomp/components/robotica2018/practica4/CMakeFiles/CMakeTmp/CheckSymbolExists.cxx: In function ‘int main(int, char**)’:
/home/brio/robocomp/components/robotica2018/practica4/CMakeFiles/CMakeTmp/CheckSymbolExists.cxx:8:19: error: ‘Q_WS_WIN’ was not declared in this scope
   return ((int*)(&Q_WS_WIN))[argc];
                   ^~~~~~~~
/home/brio/robocomp/components/robotica2018/practica4/CMakeFiles/CMakeTmp/CheckSymbolExists.cxx:8:19: note: suggested alternative: ‘Q_WS_X11’
   return ((int*)(&Q_WS_WIN))[argc];
                   ^~~~~~~~
                   Q_WS_X11
CMakeFiles/cmTC_8f35a.dir/build.make:65: recipe for target 'CMakeFiles/cmTC_8f35a.dir/CheckSymbolExists.cxx.o' failed
make[1]: *** [CMakeFiles/cmTC_8f35a.dir/CheckSymbolExists.cxx.o] Error 1
make[1]: se sale del directorio '/home/brio/robocomp/components/robotica2018/practica4/CMakeFiles/CMakeTmp'
Makefile:126: recipe for target 'cmTC_8f35a/fast' failed
make: *** [cmTC_8f35a/fast] Error 2

File /home/brio/robocomp/components/robotica2018/practica4/CMakeFiles/CMakeTmp/CheckSymbolExists.cxx:
/* */
#include <QtCore/qglobal.h>

int main(int argc, char** argv)
{
  (void)argv;
#ifndef Q_WS_WIN
  return ((int*)(&Q_WS_WIN))[argc];
#else
  (void)argc;
  return 0;
#endif
}

Determining if the Q_WS_QWS exist failed with the following output:
Change Dir: /home/brio/robocomp/components/robotica2018/practica4/CMakeFiles/CMakeTmp

Run Build Command:"/usr/bin/make" "cmTC_1ecd0/fast"
/usr/bin/make -f CMakeFiles/cmTC_1ecd0.dir/build.make CMakeFiles/cmTC_1ecd0.dir/build
make[1]: se entra en el directorio '/home/brio/robocomp/components/robotica2018/practica4/CMakeFiles/CMakeTmp'
Building CXX object CMakeFiles/cmTC_1ecd0.dir/CheckSymbolExists.cxx.o
/usr/bin/c++   -I/usr/include/qt4   -o CMakeFiles/cmTC_1ecd0.dir/CheckSymbolExists.cxx.o -c /home/brio/robocomp/components/robotica2018/practica4/CMakeFiles/CMakeTmp/CheckSymbolExists.cxx
/home/brio/robocomp/components/robotica2018/practica4/CMakeFiles/CMakeTmp/CheckSymbolExists.cxx: In function ‘int main(int, char**)’:
/home/brio/robocomp/components/robotica2018/practica4/CMakeFiles/CMakeTmp/CheckSymbolExists.cxx:8:19: error: ‘Q_WS_QWS’ was not declared in this scope
   return ((int*)(&Q_WS_QWS))[argc];
                   ^~~~~~~~
/home/brio/robocomp/components/robotica2018/practica4/CMakeFiles/CMakeTmp/CheckSymbolExists.cxx:8:19: note: suggested alternative: ‘Q_WS_X11’
   return ((int*)(&Q_WS_QWS))[argc];
                   ^~~~~~~~
                   Q_WS_X11
CMakeFiles/cmTC_1ecd0.dir/build.make:65: recipe for target 'CMakeFiles/cmTC_1ecd0.dir/CheckSymbolExists.cxx.o' failed
make[1]: *** [CMakeFiles/cmTC_1ecd0.dir/CheckSymbolExists.cxx.o] Error 1
make[1]: se sale del directorio '/home/brio/robocomp/components/robotica2018/practica4/CMakeFiles/CMakeTmp'
Makefile:126: recipe for target 'cmTC_1ecd0/fast' failed
make: *** [cmTC_1ecd0/fast] Error 2

File /home/brio/robocomp/components/robotica2018/practica4/CMakeFiles/CMakeTmp/CheckSymbolExists.cxx:
/* */
#include <QtCore/qglobal.h>

int main(int argc, char** argv)
{
  (void)argv;
#ifndef Q_WS_QWS
  return ((int*)(&Q_WS_QWS))[argc];
#else
  (void)argc;
  return 0;
#endif
}

Determining if the Q_WS_MAC exist failed with the following output:
Change Dir: /home/brio/robocomp/components/robotica2018/practica4/CMakeFiles/CMakeTmp

Run Build Command:"/usr/bin/make" "cmTC_6d076/fast"
/usr/bin/make -f CMakeFiles/cmTC_6d076.dir/build.make CMakeFiles/cmTC_6d076.dir/build
make[1]: se entra en el directorio '/home/brio/robocomp/components/robotica2018/practica4/CMakeFiles/CMakeTmp'
Building CXX object CMakeFiles/cmTC_6d076.dir/CheckSymbolExists.cxx.o
/usr/bin/c++   -I/usr/include/qt4   -o CMakeFiles/cmTC_6d076.dir/CheckSymbolExists.cxx.o -c /home/brio/robocomp/components/robotica2018/practica4/CMakeFiles/CMakeTmp/CheckSymbolExists.cxx
/home/brio/robocomp/components/robotica2018/practica4/CMakeFiles/CMakeTmp/CheckSymbolExists.cxx: In function ‘int main(int, char**)’:
/home/brio/robocomp/components/robotica2018/practica4/CMakeFiles/CMakeTmp/CheckSymbolExists.cxx:8:19: error: ‘Q_WS_MAC’ was not declared in this scope
   return ((int*)(&Q_WS_MAC))[argc];
                   ^~~~~~~~
/home/brio/robocomp/components/robotica2018/practica4/CMakeFiles/CMakeTmp/CheckSymbolExists.cxx:8:19: note: suggested alternative: ‘Q_WS_X11’
   return ((int*)(&Q_WS_MAC))[argc];
                   ^~~~~~~~
                   Q_WS_X11
CMakeFiles/cmTC_6d076.dir/build.make:65: recipe for target 'CMakeFiles/cmTC_6d076.dir/CheckSymbolExists.cxx.o' failed
make[1]: *** [CMakeFiles/cmTC_6d076.dir/CheckSymbolExists.cxx.o] Error 1
make[1]: se sale del directorio '/home/brio/robocomp/components/robotica2018/practica4/CMakeFiles/CMakeTmp'
Makefile:126: recipe for target 'cmTC_6d076/fast' failed
make: *** [cmTC_6d076/fast] Error 2

File /home/brio/robocomp/components/robotica2018/practica4/CMakeFiles/CMakeTmp/CheckSymbolExists.cxx:
/* */
#include <QtCore/qglobal.h>

int main(int argc, char** argv)
{
  (void)argv;
#ifndef Q_WS_MAC
  return ((int*)(&Q_WS_MAC))[argc];
#else
  (void)argc;
  return 0;
#endif
}

Determining if the pthread_create exist failed with the following output:
Change Dir: /home/brio/robocomp/components/robotica2018/practica4/CMakeFiles/CMakeTmp

Run Build Command:"/usr/bin/make" "cmTC_6bf0a/fast"
/usr/bin/make -f CMakeFiles/cmTC_6bf0a.dir/build.make CMakeFiles/cmTC_6bf0a.dir/build
make[1]: se entra en el directorio '/home/brio/robocomp/components/robotica2018/practica4/CMakeFiles/CMakeTmp'
Building C object CMakeFiles/cmTC_6bf0a.dir/CheckSymbolExists.c.o
/usr/bin/cc    -o CMakeFiles/cmTC_6bf0a.dir/CheckSymbolExists.c.o   -c /home/brio/robocomp/components/robotica2018/practica4/CMakeFiles/CMakeTmp/CheckSymbolExists.c
Linking C executable cmTC_6bf0a
/usr/bin/cmake -E cmake_link_script CMakeFiles/cmTC_6bf0a.dir/link.txt --verbose=1
/usr/bin/cc      -rdynamic CMakeFiles/cmTC_6bf0a.dir/CheckSymbolExists.c.o  -o cmTC_6bf0a 
CMakeFiles/cmTC_6bf0a.dir/CheckSymbolExists.c.o: En la función `main':
CheckSymbolExists.c:(.text+0x1b): referencia a `pthread_create' sin definir
collect2: error: ld returned 1 exit status
CMakeFiles/cmTC_6bf0a.dir/build.make:97: recipe for target 'cmTC_6bf0a' failed
make[1]: *** [cmTC_6bf0a] Error 1
make[1]: se sale del directorio '/home/brio/robocomp/components/robotica2018/practica4/CMakeFiles/CMakeTmp'
Makefile:126: recipe for target 'cmTC_6bf0a/fast' failed
make: *** [cmTC_6bf0a/fast] Error 2

File /home/brio/robocomp/components/robotica2018/practica4/CMakeFiles/CMakeTmp/CheckSymbolExists.c:
/* */
#include <pthread.h>

int main(int argc, char** argv)
{
  (void)argv;
#ifndef pthread_create
  return ((int*)(&pthread_create))[argc];
#else
  (void)argc;
  return 0;
#endif
}

Determining if the function pthread_create exists in the pthreads failed with the following output:
Change Dir: /home/brio/robocomp/components/robotica2018/practica4/CMakeFiles/CMakeTmp

Run Build Command:"/usr/bin/make" "cmTC_1b7bf/fast"
/usr/bin/make -f CMakeFiles/cmTC_1b7bf.dir/build.make CMakeFiles/cmTC_1b7bf.dir/build
make[1]: se entra en el directorio '/home/brio/robocomp/components/robotica2018/practica4/CMakeFiles/CMakeTmp'
Building C object CMakeFiles/cmTC_1b7bf.dir/CheckFunctionExists.c.o
/usr/bin/cc   -DCHECK_FUNCTION_EXISTS=pthread_create   -o CMakeFiles/cmTC_1b7bf.dir/CheckFunctionExists.c.o   -c /usr/share/cmake-3.10/Modules/CheckFunctionExists.c
Linking C executable cmTC_1b7bf
/usr/bin/cmake -E cmake_link_script CMakeFiles/cmTC_1b7bf.dir/link.txt --verbose=1
/usr/bin/cc  -DCHECK_FUNCTION_EXISTS=pthread_create    -rdynamic CMakeFiles/cmTC_1b7bf.dir/CheckFunctionExists.c.o  -o cmTC_1b7bf -lpthreads 
/usr/bin/ld: no se puede encontrar -lpthreads
collect2: error: ld returned 1 exit status
CMakeFiles/cmTC_1b7bf.dir/build.make:97: recipe for target 'cmTC_1b7bf' failed
make[1]: *** [cmTC_1b7bf] Error 1
make[1]: se sale del directorio '/home/brio/robocomp/components/robotica2018/practica4/CMakeFiles/CMakeTmp'
Makefile:126: recipe for target 'cmTC_1b7bf/fast' failed
make: *** [cmTC_1b7bf/fast] Error 2


