Determining if the Q_WS_WIN exist failed with the following output:
Change Dir: /home/brio/robocomp/components/robotica2018/practica5/chocachoca/CMakeFiles/CMakeTmp

Run Build Command:"/usr/bin/make" "cmTC_2efa1/fast"
/usr/bin/make -f CMakeFiles/cmTC_2efa1.dir/build.make CMakeFiles/cmTC_2efa1.dir/build
make[1]: se entra en el directorio '/home/brio/robocomp/components/robotica2018/practica5/chocachoca/CMakeFiles/CMakeTmp'
Building CXX object CMakeFiles/cmTC_2efa1.dir/CheckSymbolExists.cxx.o
/usr/bin/c++   -I/usr/include/qt4   -o CMakeFiles/cmTC_2efa1.dir/CheckSymbolExists.cxx.o -c /home/brio/robocomp/components/robotica2018/practica5/chocachoca/CMakeFiles/CMakeTmp/CheckSymbolExists.cxx
/home/brio/robocomp/components/robotica2018/practica5/chocachoca/CMakeFiles/CMakeTmp/CheckSymbolExists.cxx: In function ‘int main(int, char**)’:
/home/brio/robocomp/components/robotica2018/practica5/chocachoca/CMakeFiles/CMakeTmp/CheckSymbolExists.cxx:8:19: error: ‘Q_WS_WIN’ was not declared in this scope
   return ((int*)(&Q_WS_WIN))[argc];
                   ^~~~~~~~
/home/brio/robocomp/components/robotica2018/practica5/chocachoca/CMakeFiles/CMakeTmp/CheckSymbolExists.cxx:8:19: note: suggested alternative: ‘Q_WS_X11’
   return ((int*)(&Q_WS_WIN))[argc];
                   ^~~~~~~~
                   Q_WS_X11
CMakeFiles/cmTC_2efa1.dir/build.make:65: recipe for target 'CMakeFiles/cmTC_2efa1.dir/CheckSymbolExists.cxx.o' failed
make[1]: *** [CMakeFiles/cmTC_2efa1.dir/CheckSymbolExists.cxx.o] Error 1
make[1]: se sale del directorio '/home/brio/robocomp/components/robotica2018/practica5/chocachoca/CMakeFiles/CMakeTmp'
Makefile:126: recipe for target 'cmTC_2efa1/fast' failed
make: *** [cmTC_2efa1/fast] Error 2

File /home/brio/robocomp/components/robotica2018/practica5/chocachoca/CMakeFiles/CMakeTmp/CheckSymbolExists.cxx:
/* */
#include <QtCore/qglobal.h>

int main(int argc, char** argv)
{
  (void)argv;
#ifndef Q_WS_WIN
  return ((int*)(&Q_WS_WIN))[argc];
#else
  (void)argc;
  return 0;
#endif
}

Determining if the Q_WS_QWS exist failed with the following output:
Change Dir: /home/brio/robocomp/components/robotica2018/practica5/chocachoca/CMakeFiles/CMakeTmp

Run Build Command:"/usr/bin/make" "cmTC_5e78f/fast"
/usr/bin/make -f CMakeFiles/cmTC_5e78f.dir/build.make CMakeFiles/cmTC_5e78f.dir/build
make[1]: se entra en el directorio '/home/brio/robocomp/components/robotica2018/practica5/chocachoca/CMakeFiles/CMakeTmp'
Building CXX object CMakeFiles/cmTC_5e78f.dir/CheckSymbolExists.cxx.o
/usr/bin/c++   -I/usr/include/qt4   -o CMakeFiles/cmTC_5e78f.dir/CheckSymbolExists.cxx.o -c /home/brio/robocomp/components/robotica2018/practica5/chocachoca/CMakeFiles/CMakeTmp/CheckSymbolExists.cxx
/home/brio/robocomp/components/robotica2018/practica5/chocachoca/CMakeFiles/CMakeTmp/CheckSymbolExists.cxx: In function ‘int main(int, char**)’:
/home/brio/robocomp/components/robotica2018/practica5/chocachoca/CMakeFiles/CMakeTmp/CheckSymbolExists.cxx:8:19: error: ‘Q_WS_QWS’ was not declared in this scope
   return ((int*)(&Q_WS_QWS))[argc];
                   ^~~~~~~~
/home/brio/robocomp/components/robotica2018/practica5/chocachoca/CMakeFiles/CMakeTmp/CheckSymbolExists.cxx:8:19: note: suggested alternative: ‘Q_WS_X11’
   return ((int*)(&Q_WS_QWS))[argc];
                   ^~~~~~~~
                   Q_WS_X11
CMakeFiles/cmTC_5e78f.dir/build.make:65: recipe for target 'CMakeFiles/cmTC_5e78f.dir/CheckSymbolExists.cxx.o' failed
make[1]: *** [CMakeFiles/cmTC_5e78f.dir/CheckSymbolExists.cxx.o] Error 1
make[1]: se sale del directorio '/home/brio/robocomp/components/robotica2018/practica5/chocachoca/CMakeFiles/CMakeTmp'
Makefile:126: recipe for target 'cmTC_5e78f/fast' failed
make: *** [cmTC_5e78f/fast] Error 2

File /home/brio/robocomp/components/robotica2018/practica5/chocachoca/CMakeFiles/CMakeTmp/CheckSymbolExists.cxx:
/* */
#include <QtCore/qglobal.h>

int main(int argc, char** argv)
{
  (void)argv;
#ifndef Q_WS_QWS
  return ((int*)(&Q_WS_QWS))[argc];
#else
  (void)argc;
  return 0;
#endif
}

Determining if the Q_WS_MAC exist failed with the following output:
Change Dir: /home/brio/robocomp/components/robotica2018/practica5/chocachoca/CMakeFiles/CMakeTmp

Run Build Command:"/usr/bin/make" "cmTC_c9b72/fast"
/usr/bin/make -f CMakeFiles/cmTC_c9b72.dir/build.make CMakeFiles/cmTC_c9b72.dir/build
make[1]: se entra en el directorio '/home/brio/robocomp/components/robotica2018/practica5/chocachoca/CMakeFiles/CMakeTmp'
Building CXX object CMakeFiles/cmTC_c9b72.dir/CheckSymbolExists.cxx.o
/usr/bin/c++   -I/usr/include/qt4   -o CMakeFiles/cmTC_c9b72.dir/CheckSymbolExists.cxx.o -c /home/brio/robocomp/components/robotica2018/practica5/chocachoca/CMakeFiles/CMakeTmp/CheckSymbolExists.cxx
/home/brio/robocomp/components/robotica2018/practica5/chocachoca/CMakeFiles/CMakeTmp/CheckSymbolExists.cxx: In function ‘int main(int, char**)’:
/home/brio/robocomp/components/robotica2018/practica5/chocachoca/CMakeFiles/CMakeTmp/CheckSymbolExists.cxx:8:19: error: ‘Q_WS_MAC’ was not declared in this scope
   return ((int*)(&Q_WS_MAC))[argc];
                   ^~~~~~~~
/home/brio/robocomp/components/robotica2018/practica5/chocachoca/CMakeFiles/CMakeTmp/CheckSymbolExists.cxx:8:19: note: suggested alternative: ‘Q_WS_X11’
   return ((int*)(&Q_WS_MAC))[argc];
                   ^~~~~~~~
                   Q_WS_X11
CMakeFiles/cmTC_c9b72.dir/build.make:65: recipe for target 'CMakeFiles/cmTC_c9b72.dir/CheckSymbolExists.cxx.o' failed
make[1]: *** [CMakeFiles/cmTC_c9b72.dir/CheckSymbolExists.cxx.o] Error 1
make[1]: se sale del directorio '/home/brio/robocomp/components/robotica2018/practica5/chocachoca/CMakeFiles/CMakeTmp'
Makefile:126: recipe for target 'cmTC_c9b72/fast' failed
make: *** [cmTC_c9b72/fast] Error 2

File /home/brio/robocomp/components/robotica2018/practica5/chocachoca/CMakeFiles/CMakeTmp/CheckSymbolExists.cxx:
/* */
#include <QtCore/qglobal.h>

int main(int argc, char** argv)
{
  (void)argv;
#ifndef Q_WS_MAC
  return ((int*)(&Q_WS_MAC))[argc];
#else
  (void)argc;
  return 0;
#endif
}

Determining if the pthread_create exist failed with the following output:
Change Dir: /home/brio/robocomp/components/robotica2018/practica5/chocachoca/CMakeFiles/CMakeTmp

Run Build Command:"/usr/bin/make" "cmTC_cba8c/fast"
/usr/bin/make -f CMakeFiles/cmTC_cba8c.dir/build.make CMakeFiles/cmTC_cba8c.dir/build
make[1]: se entra en el directorio '/home/brio/robocomp/components/robotica2018/practica5/chocachoca/CMakeFiles/CMakeTmp'
Building C object CMakeFiles/cmTC_cba8c.dir/CheckSymbolExists.c.o
/usr/bin/cc    -o CMakeFiles/cmTC_cba8c.dir/CheckSymbolExists.c.o   -c /home/brio/robocomp/components/robotica2018/practica5/chocachoca/CMakeFiles/CMakeTmp/CheckSymbolExists.c
Linking C executable cmTC_cba8c
/usr/bin/cmake -E cmake_link_script CMakeFiles/cmTC_cba8c.dir/link.txt --verbose=1
/usr/bin/cc      -rdynamic CMakeFiles/cmTC_cba8c.dir/CheckSymbolExists.c.o  -o cmTC_cba8c 
CMakeFiles/cmTC_cba8c.dir/CheckSymbolExists.c.o: En la función `main':
CheckSymbolExists.c:(.text+0x1b): referencia a `pthread_create' sin definir
collect2: error: ld returned 1 exit status
CMakeFiles/cmTC_cba8c.dir/build.make:97: recipe for target 'cmTC_cba8c' failed
make[1]: *** [cmTC_cba8c] Error 1
make[1]: se sale del directorio '/home/brio/robocomp/components/robotica2018/practica5/chocachoca/CMakeFiles/CMakeTmp'
Makefile:126: recipe for target 'cmTC_cba8c/fast' failed
make: *** [cmTC_cba8c/fast] Error 2

File /home/brio/robocomp/components/robotica2018/practica5/chocachoca/CMakeFiles/CMakeTmp/CheckSymbolExists.c:
/* */
#include <pthread.h>

int main(int argc, char** argv)
{
  (void)argv;
#ifndef pthread_create
  return ((int*)(&pthread_create))[argc];
#else
  (void)argc;
  return 0;
#endif
}

Determining if the function pthread_create exists in the pthreads failed with the following output:
Change Dir: /home/brio/robocomp/components/robotica2018/practica5/chocachoca/CMakeFiles/CMakeTmp

Run Build Command:"/usr/bin/make" "cmTC_db9c1/fast"
/usr/bin/make -f CMakeFiles/cmTC_db9c1.dir/build.make CMakeFiles/cmTC_db9c1.dir/build
make[1]: se entra en el directorio '/home/brio/robocomp/components/robotica2018/practica5/chocachoca/CMakeFiles/CMakeTmp'
Building C object CMakeFiles/cmTC_db9c1.dir/CheckFunctionExists.c.o
/usr/bin/cc   -DCHECK_FUNCTION_EXISTS=pthread_create   -o CMakeFiles/cmTC_db9c1.dir/CheckFunctionExists.c.o   -c /usr/share/cmake-3.10/Modules/CheckFunctionExists.c
Linking C executable cmTC_db9c1
/usr/bin/cmake -E cmake_link_script CMakeFiles/cmTC_db9c1.dir/link.txt --verbose=1
/usr/bin/cc  -DCHECK_FUNCTION_EXISTS=pthread_create    -rdynamic CMakeFiles/cmTC_db9c1.dir/CheckFunctionExists.c.o  -o cmTC_db9c1 -lpthreads 
/usr/bin/ld: no se puede encontrar -lpthreads
collect2: error: ld returned 1 exit status
CMakeFiles/cmTC_db9c1.dir/build.make:97: recipe for target 'cmTC_db9c1' failed
make[1]: *** [cmTC_db9c1] Error 1
make[1]: se sale del directorio '/home/brio/robocomp/components/robotica2018/practica5/chocachoca/CMakeFiles/CMakeTmp'
Makefile:126: recipe for target 'cmTC_db9c1/fast' failed
make: *** [cmTC_db9c1/fast] Error 2


